gradleBuild/intermediates/manifest_merge_blame_file/debug/manifest-merger-blame-debug-report.txt
1<?xml version="1.0" encoding="utf-8"?>
2<!--
3 Copyright 2016 The TensorFlow Authors. All Rights Reserved.
4
5 Licensed under the Apache License, Version 2.0 (the "License");
6 you may not use this file except in compliance with the License.
7 You may obtain a copy of the License at
8
9     http://www.apache.org/licenses/LICENSE-2.0
10
11 Unless required by applicable law or agreed to in writing, software
12 distributed under the License is distributed on an "AS IS" BASIS,
13 WITHOUT WARRANTIES OR CONDITIONS OF ANY KIND, either express or implied.
14 See the License for the specific language governing permissions and
15 limitations under the License.
16-->
17<manifest xmlns:android="http://schemas.android.com/apk/res/android"
18    package="org.tensorflow.demo" >
19
20    <uses-sdk
21        android:minSdkVersion="21"
21-->XLTN_Android_Project\AndroidManifest.xml
22        android:targetSdkVersion="29" />
22-->XLTN_Android_Project\AndroidManifest.xml
23
24    <uses-permission android:name="android.permission.WRITE_EXTERNAL_STORAGE" />
24-->XLTN_Android_Project\AndroidManifest.xml:22:5-80
24-->XLTN_Android_Project\AndroidManifest.xml:22:22-78
25    <uses-permission android:name="android.permission.RECORD_AUDIO" />
25-->XLTN_Android_Project\AndroidManifest.xml:23:5-71
25-->XLTN_Android_Project\AndroidManifest.xml:23:22-68
26    <uses-permission android:name="android.permission.READ_PHONE_STATE" />
27    <uses-permission android:name="android.permission.READ_EXTERNAL_STORAGE" />
28
29    <application
29-->XLTN_Android_Project\AndroidManifest.xml:25:5-40:19
30        android:allowBackup="true"
30-->XLTN_Android_Project\AndroidManifest.xml:25:18-44
31        android:appComponentFactory="androidx.core.app.CoreComponentFactory"
31-->[androidx.core:core:1.3.0] AndroidManifest.xml:24:18-86
32        android:banner="@drawable/ic_launcher"
32-->XLTN_Android_Project\AndroidManifest.xml:29:9-47
33        android:debuggable="true"
34        android:icon="@drawable/ic_launcher"
34-->XLTN_Android_Project\AndroidManifest.xml:27:9-45
35        android:label="@string/app_name"
35-->XLTN_Android_Project\AndroidManifest.xml:26:9-41
36        android:testOnly="true"
37        android:theme="@style/MaterialTheme" >
37-->XLTN_Android_Project\AndroidManifest.xml:28:9-45
38        <activity
38-->XLTN_Android_Project\AndroidManifest.xml:31:9-39:20
39            android:name="org.tensorflow.demo.SpeechActivity"
39-->XLTN_Android_Project\AndroidManifest.xml:31:19-68
40            android:label="@string/activity_name_speech"
40-->XLTN_Android_Project\AndroidManifest.xml:33:13-57
41            android:screenOrientation="portrait" >
41-->XLTN_Android_Project\AndroidManifest.xml:32:13-49
42            <intent-filter>
42-->XLTN_Android_Project\AndroidManifest.xml:34:13-38:29
43                <action android:name="android.intent.action.MAIN" />
43-->XLTN_Android_Project\AndroidManifest.xml:35:17-69
43-->XLTN_Android_Project\AndroidManifest.xml:35:25-66
44
45                <category android:name="android.intent.category.LAUNCHER" />
45-->XLTN_Android_Project\AndroidManifest.xml:36:17-77
45-->XLTN_Android_Project\AndroidManifest.xml:36:27-74
46                <category android:name="android.intent.category.LEANBACK_LAUNCHER" />
46-->XLTN_Android_Project\AndroidManifest.xml:37:17-86
46-->XLTN_Android_Project\AndroidManifest.xml:37:27-83
47            </intent-filter>
48        </activity>
49
50        <meta-data
50-->[com.google.android.gms:play-services-basement:8.1.0] AndroidManifest.xml:21:9-23:69
51            android:name="com.google.android.gms.version"
51-->[com.google.android.gms:play-services-basement:8.1.0] AndroidManifest.xml:22:13-58
52            android:value="@integer/google_play_services_version" />
52-->[com.google.android.gms:play-services-basement:8.1.0] AndroidManifest.xml:23:13-66
53    </application>
54
55</manifest>